#
# There is insufficient memory for the Java Runtime Environment to continue.
# Native memory allocation (mmap) failed to map 402653184 bytes for G1 virtual space
# Possible reasons:
#   The system is out of physical RAM or swap space
#   The process is running with CompressedOops enabled, and the Java Heap may be blocking the growth of the native heap
# Possible solutions:
#   Reduce memory load on the system
#   Increase physical memory or swap space
#   Check if swap backing store is full
#   Decrease Java heap size (-Xmx/-Xms)
#   Decrease number of Java threads
#   Decrease Java thread stack sizes (-Xss)
#   Set larger code cache with -XX:ReservedCodeCacheSize=
#   JVM is running with Zero Based Compressed Oops mode in which the Java heap is
#     placed in the first 32GB address space. The Java Heap base address is the
#     maximum limit for the native heap growth. Please use -XX:HeapBaseMinAddress
#     to set the Java Heap base and to place the Java Heap above 32GB virtual address.
# This output file may be truncated or incomplete.
#
#  Out of Memory Error (os_windows.cpp:3550), pid=12760, tid=14300
#
# JRE version:  (17.0.7+8) (build )
# Java VM: Java HotSpot(TM) 64-Bit Server VM (17.0.7+8-LTS-224, mixed mode, emulated-client, sharing, tiered, compressed oops, compressed class ptrs, g1 gc, windows-amd64)
# No core dump will be written. Minidumps are not enabled by default on client versions of Windows
#

---------------  S U M M A R Y ------------

Command Line: -Dcom.sun.management.jmxremote -Dcom.sun.management.jmxremote.port=56161 -Dcom.sun.management.jmxremote.authenticate=false -Dcom.sun.management.jmxremote.ssl=false -Djava.rmi.server.hostname=localhost -Dspring.jmx.enabled=true -Dspring.application.admin.enabled=true -XX:TieredStopAtLevel=1 -Dspring.boot.project.name=api-gateway-service -Dfile.encoding=UTF-8 -XX:+ShowCodeDetailsInExceptionMessages kripton.apigatewayservice.ApiGatewayServiceApplication --spring.output.ansi.enabled=always

Host: Intel(R) Core(TM) i5-10300H CPU @ 2.50GHz, 8 cores, 23G,  Windows 10 , 64 bit Build 19041 (10.0.19041.2913)
Time: Mon May 22 17:19:23 2023 Afr. centrale Ouest elapsed time: 0.009717 seconds (0d 0h 0m 0s)

---------------  T H R E A D  ---------------

Current thread (0x000001f8073db830):  JavaThread "Unknown thread" [_thread_in_vm, id=14300, stack(0x000000b19eb00000,0x000000b19ec00000)]

Stack: [0x000000b19eb00000,0x000000b19ec00000]
Native frames: (J=compiled Java code, j=interpreted, Vv=VM code, C=native code)
V  [jvm.dll+0x676a4a]
V  [jvm.dll+0x7d74f4]
V  [jvm.dll+0x7d8c9e]
V  [jvm.dll+0x7d9303]
V  [jvm.dll+0x2452c5]
V  [jvm.dll+0x6738f9]
V  [jvm.dll+0x668232]
V  [jvm.dll+0x302826]
V  [jvm.dll+0x309da6]
V  [jvm.dll+0x35952e]
V  [jvm.dll+0x35975f]
V  [jvm.dll+0x2d9a38]
V  [jvm.dll+0x2da9a4]
V  [jvm.dll+0x7a8fb1]
V  [jvm.dll+0x3670e1]
V  [jvm.dll+0x788359]
V  [jvm.dll+0x3ea5ef]
V  [jvm.dll+0x3ec071]
C  [jli.dll+0x5297]
C  [ucrtbase.dll+0x21bb2]
C  [KERNEL32.DLL+0x17614]
C  [ntdll.dll+0x526a1]


---------------  P R O C E S S  ---------------

Threads class SMR info:
_java_thread_list=0x00007ffd3fc44998, length=0, elements={
}

Java Threads: ( => current thread )

Other Threads:
  0x000001f8074649d0 GCTaskThread "GC Thread#0" [stack: 0x000000b19ec00000,0x000000b19ed00000] [id=12680]
  0x000001f8074726c0 ConcurrentGCThread "G1 Main Marker" [stack: 0x000000b19ed00000,0x000000b19ee00000] [id=25712]
  0x000001f807472fe0 ConcurrentGCThread "G1 Conc#0" [stack: 0x000000b19ee00000,0x000000b19ef00000] [id=9540]

[error occurred during error reporting (printing all threads), id 0xc0000005, EXCEPTION_ACCESS_VIOLATION (0xc0000005) at pc=0x00007ffd3f47a697]

VM state: not at safepoint (not fully initialized)

VM Mutex/Monitor currently owned by a thread:  ([mutex/lock_event])
[0x000001f8073d7de0] Heap_lock - owner thread: 0x000001f8073db830

Heap address: 0x0000000682c00000, size: 6100 MB, Compressed Oops mode: Zero based, Oop shift amount: 3

CDS archive(s) mapped at: [0x0000000000000000-0x0000000000000000-0x0000000000000000), size 0, SharedBaseAddress: 0x0000000800000000, ArchiveRelocationMode: 0.
Narrow klass base: 0x0000000000000000, Narrow klass shift: 0, Narrow klass range: 0x0

GC Precious Log:
<Empty>

Heap:
 garbage-first heap   total 0K, used 0K [0x0000000682c00000, 0x0000000800000000)
  region size 4096K, 0 young (0K), 0 survivors (0K)

[error occurred during error reporting (printing heap information), id 0xc0000005, EXCEPTION_ACCESS_VIOLATION (0xc0000005) at pc=0x00007ffd3f8600b9]

GC Heap History (0 events):
No events

Deoptimization events (0 events):
No events

Classes unloaded (0 events):
No events

Classes redefined (0 events):
No events

Internal exceptions (0 events):
No events

VM Operations (0 events):
No events

Events (1 events):
Event: 0.005 Loaded shared library C:\Program Files\Java\jdk-17\bin\java.dll


Dynamic libraries:
0x00007ff747290000 - 0x00007ff7472a0000 	C:\Program Files\Java\jdk-17\bin\javaw.exe
0x00007ffdd53b0000 - 0x00007ffdd55a8000 	C:\Windows\SYSTEM32\ntdll.dll
0x00007ffdd3ca0000 - 0x00007ffdd3d5f000 	C:\Windows\System32\KERNEL32.DLL
0x00007ffdd3110000 - 0x00007ffdd3406000 	C:\Windows\System32\KERNELBASE.dll
0x00007ffdd2e30000 - 0x00007ffdd2f30000 	C:\Windows\System32\ucrtbase.dll
0x00007ffd6a350000 - 0x00007ffd6a369000 	C:\Program Files\Java\jdk-17\bin\jli.dll
0x00007ffd70f00000 - 0x00007ffd70f1b000 	C:\Program Files\Java\jdk-17\bin\VCRUNTIME140.dll
0x00007ffdd3f10000 - 0x00007ffdd3fbf000 	C:\Windows\System32\ADVAPI32.dll
0x00007ffdd39e0000 - 0x00007ffdd3a7e000 	C:\Windows\System32\msvcrt.dll
0x00007ffdd44a0000 - 0x00007ffdd453c000 	C:\Windows\System32\sechost.dll
0x00007ffdd3b70000 - 0x00007ffdd3c96000 	C:\Windows\System32\RPCRT4.dll
0x00007ffdd46d0000 - 0x00007ffdd486d000 	C:\Windows\System32\USER32.dll
0x00007ffdd2f30000 - 0x00007ffdd2f52000 	C:\Windows\System32\win32u.dll
0x00007ffdbf470000 - 0x00007ffdbf70a000 	C:\Windows\WinSxS\amd64_microsoft.windows.common-controls_6595b64144ccf1df_6.0.19041.1110_none_60b5254171f9507e\COMCTL32.dll
0x00007ffdd3e80000 - 0x00007ffdd3eac000 	C:\Windows\System32\GDI32.dll
0x00007ffdd2ff0000 - 0x00007ffdd3105000 	C:\Windows\System32\gdi32full.dll
0x00007ffdd2c20000 - 0x00007ffdd2cbd000 	C:\Windows\System32\msvcp_win.dll
0x00007ffdcc0a0000 - 0x00007ffdcc0aa000 	C:\Windows\SYSTEM32\VERSION.dll
0x00007ffdd4630000 - 0x00007ffdd4660000 	C:\Windows\System32\IMM32.DLL
0x00007ffd8bce0000 - 0x00007ffd8bcec000 	C:\Program Files\Java\jdk-17\bin\vcruntime140_1.dll
0x00007ffd53e10000 - 0x00007ffd53e9e000 	C:\Program Files\Java\jdk-17\bin\msvcp140.dll
0x00007ffd3f190000 - 0x00007ffd3fd6d000 	C:\Program Files\Java\jdk-17\bin\server\jvm.dll
0x00007ffdd5360000 - 0x00007ffdd5368000 	C:\Windows\System32\PSAPI.DLL
0x00007ffdbaac0000 - 0x00007ffdbaac9000 	C:\Windows\SYSTEM32\WSOCK32.dll
0x00007ffdbcaa0000 - 0x00007ffdbcac7000 	C:\Windows\SYSTEM32\WINMM.dll
0x00007ffdd4660000 - 0x00007ffdd46cb000 	C:\Windows\System32\WS2_32.dll
0x00007ffdd0910000 - 0x00007ffdd0922000 	C:\Windows\SYSTEM32\kernel.appcore.dll
0x00007ffd7a020000 - 0x00007ffd7a02a000 	C:\Program Files\Java\jdk-17\bin\jimage.dll
0x00007ffdbf280000 - 0x00007ffdbf464000 	C:\Windows\SYSTEM32\DBGHELP.DLL
0x00007ffdbff40000 - 0x00007ffdbff74000 	C:\Windows\SYSTEM32\dbgcore.DLL
0x00007ffdd2f60000 - 0x00007ffdd2fe2000 	C:\Windows\System32\bcryptPrimitives.dll
0x00007ffd68b20000 - 0x00007ffd68b45000 	C:\Program Files\Java\jdk-17\bin\java.dll

dbghelp: loaded successfully - version: 4.0.5 - missing functions: none
symbol engine: initialized successfully - sym options: 0x614 - pdb path: .;C:\Program Files\Java\jdk-17\bin;C:\Windows\SYSTEM32;C:\Windows\WinSxS\amd64_microsoft.windows.common-controls_6595b64144ccf1df_6.0.19041.1110_none_60b5254171f9507e;C:\Program Files\Java\jdk-17\bin\server

VM Arguments:
jvm_args: -Dcom.sun.management.jmxremote -Dcom.sun.management.jmxremote.port=56161 -Dcom.sun.management.jmxremote.authenticate=false -Dcom.sun.management.jmxremote.ssl=false -Djava.rmi.server.hostname=localhost -Dspring.jmx.enabled=true -Dspring.application.admin.enabled=true -XX:TieredStopAtLevel=1 -Dspring.boot.project.name=api-gateway-service -Dfile.encoding=UTF-8 -XX:+ShowCodeDetailsInExceptionMessages 
java_command: kripton.apigatewayservice.ApiGatewayServiceApplication --spring.output.ansi.enabled=always
java_class_path (initial): C:\Users\MUHAMED ALOUANI\Desktop\Année universitaire 2022-2023\KRIPTON-TALENT\kripton-talent\api-gateway-service\target\classes;C:\Users\MUHAMED ALOUANI\.m2\repository\org\springframework\cloud\spring-cloud-starter-gateway\4.0.1\spring-cloud-starter-gateway-4.0.1.jar;C:\Users\MUHAMED ALOUANI\.m2\repository\org\springframework\cloud\spring-cloud-starter\4.0.1\spring-cloud-starter-4.0.1.jar;C:\Users\MUHAMED ALOUANI\.m2\repository\org\springframework\cloud\spring-cloud-context\4.0.1\spring-cloud-context-4.0.1.jar;C:\Users\MUHAMED ALOUANI\.m2\repository\org\springframework\cloud\spring-cloud-commons\4.0.1\spring-cloud-commons-4.0.1.jar;C:\Users\MUHAMED ALOUANI\.m2\repository\org\springframework\security\spring-security-rsa\1.0.11.RELEASE\spring-security-rsa-1.0.11.RELEASE.jar;C:\Users\MUHAMED ALOUANI\.m2\repository\org\bouncycastle\bcpkix-jdk15on\1.69\bcpkix-jdk15on-1.69.jar;C:\Users\MUHAMED ALOUANI\.m2\repository\org\bouncycastle\bcprov-jdk15on\1.69\bcprov-jdk15on-1.69.jar;C:\Users\MUHAMED ALOUANI\.m2\repository\org\bouncycastle\bcutil-jdk15on\1.69\bcutil-jdk15on-1.69.jar;C:\Users\MUHAMED ALOUANI\.m2\repository\org\springframework\cloud\spring-cloud-gateway-server\4.0.1\spring-cloud-gateway-server-4.0.1.jar;C:\Users\MUHAMED ALOUANI\.m2\repository\org\springframework\boot\spring-boot-starter-validation\3.0.4\spring-boot-starter-validation-3.0.4.jar;C:\Users\MUHAMED ALOUANI\.m2\repository\org\apache\tomcat\embed\tomcat-embed-el\10.1.5\tomcat-embed-el-10.1.5.jar;C:\Users\MUHAMED ALOUANI\.m2\repository\org\hibernate\validator\hibernate-validator\8.0.0.Final\hibernate-validator-8.0.0.Final.jar;C:\Users\MUHAMED ALOUANI\.m2\repository\jakarta\validation\jakarta.validation-api\3.0.2\jakarta.validation-api-3.0.2.jar;C:\Users\MUHAMED ALOUANI\.m2\repository\org\jboss\logging\jboss-logging\3.5.0.Final\jboss-logging-3.5.0.Final.jar;C:\Users\MUHAMED ALOUANI\.m2\repository\com\fasterxml\classmate\1.5.1\classmate-1.5.1.jar;C:\Users\MUHAMED ALOUANI\.m2\repo
Launcher Type: SUN_STANDARD

[Global flags]
     intx CICompilerCount                          = 4                                         {product} {ergonomic}
     uint ConcGCThreads                            = 2                                         {product} {ergonomic}
     uint G1ConcRefinementThreads                  = 8                                         {product} {ergonomic}
   size_t G1HeapRegionSize                         = 4194304                                   {product} {ergonomic}
    uintx GCDrainStackTargetSize                   = 64                                        {product} {ergonomic}
   size_t InitialHeapSize                          = 402653184                                 {product} {ergonomic}
     bool ManagementServer                         = true                                      {product} {command line}
   size_t MarkStackSize                            = 4194304                                   {product} {ergonomic}
   size_t MaxHeapSize                              = 6396313600                                {product} {ergonomic}
   size_t MinHeapDeltaBytes                        = 4194304                                   {product} {ergonomic}
   size_t MinHeapSize                              = 8388608                                   {product} {ergonomic}
    uintx NonProfiledCodeHeapSize                  = 0                                      {pd product} {ergonomic}
     bool ProfileInterpreter                       = false                                  {pd product} {command line}
    uintx ProfiledCodeHeapSize                     = 0                                      {pd product} {ergonomic}
     bool ShowCodeDetailsInExceptionMessages       = true                                   {manageable} {command line}
   size_t SoftMaxHeapSize                          = 6396313600                             {manageable} {ergonomic}
     intx TieredStopAtLevel                        = 1                                         {product} {command line}
     bool UseCompressedClassPointers               = true                           {product lp64_product} {ergonomic}
     bool UseCompressedOops                        = true                           {product lp64_product} {ergonomic}
     bool UseG1GC                                  = true                                      {product} {ergonomic}
     bool UseLargePagesIndividualAllocation        = false                                  {pd product} {ergonomic}

Logging:
Log output configuration:
 #0: stdout all=warning uptime,level,tags
 #1: stderr all=off uptime,level,tags

Environment Variables:
JAVA_HOME=C:\Program Files\Java\jdk-11.0.11.9-hotspot
PATH=C:/Users/MUHAMED ALOUANI/Downloads/sts-4.11.0.RELEASE//plugins/org.eclipse.justj.openjdk.hotspot.jre.full.win32.x86_64_16.0.1.v20210528-1205/jre/bin/server;C:/Users/MUHAMED ALOUANI/Downloads/sts-4.11.0.RELEASE//plugins/org.eclipse.justj.openjdk.hotspot.jre.full.win32.x86_64_16.0.1.v20210528-1205/jre/bin;C:\Program Files\Java\jdk-11.0.14\bin;C:\Program Files\Common Files\Oracle\Java\javapath;C:\Program Files\Java\jdk1.8.0_31\bin;C:\Program Files\Java\jdk1.7.0_80\bin;C:\app\mal\product\12.2.0\dbhome_1\bin;C:\Program Files\AdoptOpenJDK\jdk-11.0.11.9-hotspot\bin;C:\Windows\system32;C:\Windows;C:\Windows\System32\Wbem;C:\Windows\System32\WindowsPowerShell\v1.0\;C:\Windows\System32\OpenSSH\;C:\Program Files (x86)\NVIDIA Corporation\PhysX\Common;C:\ProgramData\chocolatey\bin;C:\Program Files\Git\cmd;C:\xampp\php;C:\Program Files\Docker\Docker\resources\bin;C:\ProgramData\DockerDesktop\version-bin;C:\Program Files\dotnet\;C:\Program Files (x86)\Microsoft SQL Server\160\DTS\Binn\;C:\Program Files\Azure Data Studio\bin;C:\Program Files\Microsoft SQL Server\Client SDK\ODBC\170\Tools\Binn\;C:\Program Files (x86)\Microsoft SQL Server\150\Tools\Binn\;C:\Program Files\Microsoft SQL Server\150\Tools\Binn\;C:\Program Files\Microsoft SQL Server\150\DTS\Binn\;C:\Program Files (x86)\dotnet\;C:\Program Files (x86)\Microsoft SQL Server Migration Assistant for Oracle\bin\;C:\Program Files\nodejs\;C:\Users\MUHAMED ALOUANI\AppData\Local\Programs\Python\Python39\Scripts\;C:\Users\MUHAMED ALOUANI\AppData\Local\Programs\Python\Python39\;C:\Users\MUHAMED ALOUANI\AppData\Local\Microsoft\WindowsApps;C:\Program Files\JetBrains\IntelliJ IDEA Community Edition 2020.3.2\bin;;C:\Users\MUHAMED ALOUANI\AppData\Local\Programs\Microsoft VS Code\bin;C:\Program Files\JetBrains\PhpStorm 2021.2.1\bin;;C:\Users\MUHAMED ALOUANI\AppData\Roaming\Composer\vendor\bin;C:\xampp\php;C:\Program Files\MongoDB\Server\5.0\bin;C:\Program Files\Java\jdk1.7.0_80\bin;C:\Program Files\Java\jdk1.8.0_31\bin;C:\Program Files\Ad
USERNAME=MUHAMED ALOUANI
OS=Windows_NT
PROCESSOR_IDENTIFIER=Intel64 Family 6 Model 165 Stepping 2, GenuineIntel



---------------  S Y S T E M  ---------------

OS:
 Windows 10 , 64 bit Build 19041 (10.0.19041.2913)
OS uptime: 0 days 8:21 hours
Hyper-V role detected

CPU: total 8 (initial active 8) (4 cores per cpu, 2 threads per core) family 6 model 165 stepping 2 microcode 0xe2, cx8, cmov, fxsr, ht, mmx, 3dnowpref, sse, sse2, sse3, ssse3, sse4.1, sse4.2, popcnt, lzcnt, tsc, tscinvbit, avx, avx2, aes, erms, clmul, bmi1, bmi2, adx, fma, vzeroupper, clflush, clflushopt, hv

Memory: 4k page, system-wide physical 24394M (1609M free)
TotalPageFile size 28442M (AvailPageFile size 353M)
current process WorkingSet (physical memory assigned to process): 10M, peak: 10M
current process commit charge ("private bytes"): 55M, peak: 439M

vm_info: Java HotSpot(TM) 64-Bit Server VM (17.0.7+8-LTS-224) for windows-amd64 JRE (17.0.7+8-LTS-224), built on Feb 28 2023 23:03:02 by "mach5one" with MS VC++ 17.1 (VS2022)

END.
